0 info it worked if it ends with ok
1 verbose cli [ '/Users/rahul/.nvm/versions/node/v6.11.0/bin/node',
1 verbose cli   '/Users/rahul/.nvm/versions/node/v6.11.0/bin/npm',
1 verbose cli   'run',
1 verbose cli   'eslint' ]
2 info using npm@3.10.10
3 info using node@v6.11.0
4 verbose run-script [ 'preeslint', 'eslint', 'posteslint' ]
5 info lifecycle projectx@1.0.0~preeslint: projectx@1.0.0
6 silly lifecycle projectx@1.0.0~preeslint: no script for preeslint, continuing
7 info lifecycle projectx@1.0.0~eslint: projectx@1.0.0
8 verbose lifecycle projectx@1.0.0~eslint: unsafe-perm in lifecycle true
9 verbose lifecycle projectx@1.0.0~eslint: PATH: /Users/rahul/.nvm/versions/node/v6.11.0/lib/node_modules/npm/bin/node-gyp-bin:/Users/rahul/repos/personal/universal-reactjs-nodejs-boilerplate/node_modules/.bin:/Users/rahul/.sdkman/candidates/java/current/bin:/Users/rahul/.nvm/versions/node/v6.11.0/bin:/Users/rahul/.rbenv/shims:/usr/local/bin:/usr/bin:/bin:/usr/sbin:/sbin:/Users/rahul/bin/
10 verbose lifecycle projectx@1.0.0~eslint: CWD: /Users/rahul/repos/personal/universal-reactjs-nodejs-boilerplate
11 silly lifecycle projectx@1.0.0~eslint: Args: [ '-c', 'node_modules/eslint/bin/eslint.js client/index.js' ]
12 silly lifecycle projectx@1.0.0~eslint: Returned: code: 1  signal: null
13 info lifecycle projectx@1.0.0~eslint: Failed to exec eslint script
14 verbose stack Error: projectx@1.0.0 eslint: `node_modules/eslint/bin/eslint.js client/index.js`
14 verbose stack Exit status 1
14 verbose stack     at EventEmitter.<anonymous> (/Users/rahul/.nvm/versions/node/v6.11.0/lib/node_modules/npm/lib/utils/lifecycle.js:255:16)
14 verbose stack     at emitTwo (events.js:106:13)
14 verbose stack     at EventEmitter.emit (events.js:191:7)
14 verbose stack     at ChildProcess.<anonymous> (/Users/rahul/.nvm/versions/node/v6.11.0/lib/node_modules/npm/lib/utils/spawn.js:40:14)
14 verbose stack     at emitTwo (events.js:106:13)
14 verbose stack     at ChildProcess.emit (events.js:191:7)
14 verbose stack     at maybeClose (internal/child_process.js:891:16)
14 verbose stack     at Process.ChildProcess._handle.onexit (internal/child_process.js:226:5)
15 verbose pkgid projectx@1.0.0
16 verbose cwd /Users/rahul/repos/personal/universal-reactjs-nodejs-boilerplate
17 error Darwin 17.5.0
18 error argv "/Users/rahul/.nvm/versions/node/v6.11.0/bin/node" "/Users/rahul/.nvm/versions/node/v6.11.0/bin/npm" "run" "eslint"
19 error node v6.11.0
20 error npm  v3.10.10
21 error code ELIFECYCLE
22 error projectx@1.0.0 eslint: `node_modules/eslint/bin/eslint.js client/index.js`
22 error Exit status 1
23 error Failed at the projectx@1.0.0 eslint script 'node_modules/eslint/bin/eslint.js client/index.js'.
23 error Make sure you have the latest version of node.js and npm installed.
23 error If you do, this is most likely a problem with the projectx package,
23 error not with npm itself.
23 error Tell the author that this fails on your system:
23 error     node_modules/eslint/bin/eslint.js client/index.js
23 error You can get information on how to open an issue for this project with:
23 error     npm bugs projectx
23 error Or if that isn't available, you can get their info via:
23 error     npm owner ls projectx
23 error There is likely additional logging output above.
24 verbose exit [ 1, true ]
